2020-03-23 15:42:09.049 INFO  [restartedMain]com.wcj.BlogApplication.logStarting:55 -Starting BlogApplication on LAPTOP-SF80F1HO with PID 6892 (started by 邬成军 in D:\java项目文件夹\blog)
2020-03-23 15:42:09.058 INFO  [restartedMain]com.wcj.BlogApplication.logStartupProfileInfo:651 -No active profile set, falling back to default profiles: default
2020-03-23 15:42:09.213 INFO  [restartedMain]o.s.b.devtools.env.DevToolsPropertyDefaultsPostProcessor.logTo:225 -Devtools property defaults active! Set 'spring.devtools.add-properties' to 'false' to disable
2020-03-23 15:42:09.214 INFO  [restartedMain]o.s.b.devtools.env.DevToolsPropertyDefaultsPostProcessor.logTo:225 -For additional web related logging consider setting the 'logging.level.web' property to 'DEBUG'
2020-03-23 15:42:10.757 INFO  [restartedMain]o.s.boot.web.embedded.tomcat.TomcatWebServer.initialize:92 -Tomcat initialized with port(s): 8090 (http)
2020-03-23 15:42:10.764 INFO  [restartedMain]org.apache.coyote.http11.Http11NioProtocol.log:173 -Initializing ProtocolHandler ["http-nio-8090"]
2020-03-23 15:42:10.765 INFO  [restartedMain]org.apache.catalina.core.StandardService.log:173 -Starting service [Tomcat]
2020-03-23 15:42:10.766 INFO  [restartedMain]org.apache.catalina.core.StandardEngine.log:173 -Starting Servlet engine: [Apache Tomcat/9.0.31]
2020-03-23 15:42:10.771 INFO  [restartedMain]org.apache.catalina.core.AprLifecycleListener.log:173 -Loaded APR based Apache Tomcat Native library [1.2.23] using APR version [1.7.0].
2020-03-23 15:42:10.771 INFO  [restartedMain]org.apache.catalina.core.AprLifecycleListener.log:173 -APR capabilities: IPv6 [true], sendfile [true], accept filters [false], random [true].
2020-03-23 15:42:10.772 INFO  [restartedMain]org.apache.catalina.core.AprLifecycleListener.log:173 -APR/OpenSSL configuration: useAprConnector [false], useOpenSSL [true]
2020-03-23 15:42:10.789 INFO  [restartedMain]org.apache.catalina.core.AprLifecycleListener.log:173 -OpenSSL successfully initialized [OpenSSL 1.1.1c  28 May 2019]
2020-03-23 15:42:10.893 INFO  [restartedMain]o.a.catalina.core.ContainerBase.[Tomcat].[localhost].[/].log:173 -Initializing Spring embedded WebApplicationContext
2020-03-23 15:42:10.893 INFO  [restartedMain]org.springframework.web.context.ContextLoader.prepareWebApplicationContext:284 -Root WebApplicationContext: initialization completed in 1678 ms
2020-03-23 15:42:11.008 INFO  [restartedMain]c.a.d.s.boot.autoconfigure.DruidDataSourceAutoConfigure.dataSource:56 -Init DruidDataSource
2020-03-23 15:42:20.526 INFO  [restartedMain]com.alibaba.druid.pool.DruidDataSource.init:930 -{dataSource-1} inited
2020-03-23 15:42:20.703 INFO  [restartedMain]com.alibaba.druid.pool.DruidDataSource.close:1825 -{dataSource-1} closed
2020-03-23 15:42:20.706 INFO  [restartedMain]org.apache.catalina.core.StandardService.log:173 -Stopping service [Tomcat]
2020-03-23 15:42:20.714 INFO  [restartedMain]o.s.b.a.logging.ConditionEvaluationReportLoggingListener.logMessage:136 -

Error starting ApplicationContext. To display the conditions report re-run your application with 'debug' enabled.
2020-03-23 15:45:17.935 INFO  [restartedMain]com.wcj.BlogApplication.logStarting:55 -Starting BlogApplication on LAPTOP-SF80F1HO with PID 12924 (started by 邬成军 in D:\java项目文件夹\blog)
2020-03-23 15:45:17.939 INFO  [restartedMain]com.wcj.BlogApplication.logStartupProfileInfo:651 -No active profile set, falling back to default profiles: default
2020-03-23 15:45:17.989 INFO  [restartedMain]o.s.b.devtools.env.DevToolsPropertyDefaultsPostProcessor.logTo:225 -Devtools property defaults active! Set 'spring.devtools.add-properties' to 'false' to disable
2020-03-23 15:45:17.989 INFO  [restartedMain]o.s.b.devtools.env.DevToolsPropertyDefaultsPostProcessor.logTo:225 -For additional web related logging consider setting the 'logging.level.web' property to 'DEBUG'
2020-03-23 15:45:19.385 INFO  [restartedMain]o.s.boot.web.embedded.tomcat.TomcatWebServer.initialize:92 -Tomcat initialized with port(s): 8090 (http)
2020-03-23 15:45:19.395 INFO  [restartedMain]org.apache.coyote.http11.Http11NioProtocol.log:173 -Initializing ProtocolHandler ["http-nio-8090"]
2020-03-23 15:45:19.396 INFO  [restartedMain]org.apache.catalina.core.StandardService.log:173 -Starting service [Tomcat]
2020-03-23 15:45:19.396 INFO  [restartedMain]org.apache.catalina.core.StandardEngine.log:173 -Starting Servlet engine: [Apache Tomcat/9.0.31]
2020-03-23 15:45:19.398 INFO  [restartedMain]org.apache.catalina.core.AprLifecycleListener.log:173 -Loaded APR based Apache Tomcat Native library [1.2.23] using APR version [1.7.0].
2020-03-23 15:45:19.399 INFO  [restartedMain]org.apache.catalina.core.AprLifecycleListener.log:173 -APR capabilities: IPv6 [true], sendfile [true], accept filters [false], random [true].
2020-03-23 15:45:19.399 INFO  [restartedMain]org.apache.catalina.core.AprLifecycleListener.log:173 -APR/OpenSSL configuration: useAprConnector [false], useOpenSSL [true]
2020-03-23 15:45:19.404 INFO  [restartedMain]org.apache.catalina.core.AprLifecycleListener.log:173 -OpenSSL successfully initialized [OpenSSL 1.1.1c  28 May 2019]
2020-03-23 15:45:19.511 INFO  [restartedMain]o.a.catalina.core.ContainerBase.[Tomcat].[localhost].[/].log:173 -Initializing Spring embedded WebApplicationContext
2020-03-23 15:45:19.511 INFO  [restartedMain]org.springframework.web.context.ContextLoader.prepareWebApplicationContext:284 -Root WebApplicationContext: initialization completed in 1522 ms
2020-03-23 15:45:19.630 INFO  [restartedMain]c.a.d.s.boot.autoconfigure.DruidDataSourceAutoConfigure.dataSource:56 -Init DruidDataSource
2020-03-23 15:45:25.509 INFO  [restartedMain]com.alibaba.druid.pool.DruidDataSource.init:930 -{dataSource-1} inited
2020-03-23 15:45:25.680 INFO  [restartedMain]com.alibaba.druid.pool.DruidDataSource.close:1825 -{dataSource-1} closed
2020-03-23 15:45:25.683 INFO  [restartedMain]org.apache.catalina.core.StandardService.log:173 -Stopping service [Tomcat]
2020-03-23 15:45:25.691 INFO  [restartedMain]o.s.b.a.logging.ConditionEvaluationReportLoggingListener.logMessage:136 -

Error starting ApplicationContext. To display the conditions report re-run your application with 'debug' enabled.
